<?xml version="1.0" encoding="UTF-8"?>
<!-- Generated by org.testng.reporters.JUnitReportReporter -->
<testsuite hostname="DESKTOP-O9ONIV6" failures="0" tests="1" name="project1dummy.Dummytest" time="0.018" errors="0" timestamp="01 Jan 2022 10:07:06 GMT" skipped="0">
  <testcase classname="project1dummy.Dummytest" name="execute1" time="0.018"/>
</testsuite> <!-- project1dummy.Dummytest -->
