<?xml version="1.0" encoding="UTF-8"?>
<!-- Generated by org.testng.reporters.JUnitReportReporter -->
<testsuite hostname="DESKTOP-O9ONIV6" failures="0" tests="1" name="project1dummy.Dummytest" time="0.026" errors="0" timestamp="01 Jan 2022 09:34:01 GMT" skipped="0">
  <testcase classname="project1dummy.Dummytest" name="run" time="0.026"/>
</testsuite> <!-- project1dummy.Dummytest -->
